# JRE version: OpenJDK Runtime Environment Temurin-21.0.8+9 (21.0.8+9) (build 21.0.8+9-LTS)
# Java VM: OpenJDK 64-Bit Server VM Temurin-21.0.8+9 (21.0.8+9-LTS, mixed mode, sharing, tiered, compressed oops, compressed class ptrs, parallel gc, windows-amd64)
GC Precious Log:
 CardTable entry size: 512
 CPUs: 12 total, 12 available
 Memory: 16009M
 Large Page Support: Disabled
 NUMA Support: Disabled
 Compressed Oops: Enabled (32-bit)
 Alignments: Space 512K, Generation 512K, Heap 2M
 Heap Min Capacity: 100M
 Heap Initial Capacity: 100M
 Heap Max Capacity: 2G
 Pre-touch: Disabled
 Parallel Workers: 10
Heap:
 PSYoungGen      total 9728K, used 4462K [0x00000000d5580000, 0x00000000d6000000, 0x0000000100000000)
  eden space 8704K, 43% used [0x00000000d5580000,0x00000000d5939298,0x00000000d5e00000)
  from space 1024K, 63% used [0x00000000d5f00000,0x00000000d5fa2910,0x00000000d6000000)
  to   space 1024K, 0% used [0x00000000d5e00000,0x00000000d5e00000,0x00000000d5f00000)
 ParOldGen       total 449536K, used 423932K [0x0000000080000000, 0x000000009b700000, 0x00000000d5580000)
  object space 449536K, 94% used [0x0000000080000000,0x0000000099dff260,0x000000009b700000)
 Metaspace       used 72738K, committed 74368K, reserved 1179648K
  class space    used 7624K, committed 8320K, reserved 1048576K
GC Heap History (20 events):
Event: 1675.076 GC heap before
{Heap before GC invocations=408 (full 3):
 PSYoungGen      total 12288K, used 11263K [0x00000000d5580000, 0x00000000d6380000, 0x0000000100000000)
  eden space 11264K, 92% used [0x00000000d5580000,0x00000000d5fabd18,0x00000000d6080000)
  from space 1024K, 82% used [0x00000000d6280000,0x00000000d6354008,0x00000000d6380000)
  to   space 1536K, 0% used [0x00000000d6080000,0x00000000d6080000,0x00000000d6200000)
 ParOldGen       total 449536K, used 417666K [0x0000000080000000, 0x000000009b700000, 0x00000000d5580000)
  object space 449536K, 92% used [0x0000000080000000,0x00000000997e0878,0x000000009b700000)
 Metaspace       used 68838K, committed 70464K, reserved 1114112K
  class space    used 7201K, committed 7936K, reserved 1048576K
}
Event: 1675.078 GC heap after
{Heap after GC invocations=408 (full 3):
 PSYoungGen      total 12800K, used 1037K [0x00000000d5580000, 0x00000000d6380000, 0x0000000100000000)
  eden space 11264K, 0% used [0x00000000d5580000,0x00000000d5580000,0x00000000d6080000)
  from space 1536K, 67% used [0x00000000d6080000,0x00000000d6183730,0x00000000d6200000)
  to   space 1536K, 0% used [0x00000000d6200000,0x00000000d6200000,0x00000000d6380000)
 ParOldGen       total 449536K, used 418267K [0x0000000080000000, 0x000000009b700000, 0x00000000d5580000)
  object space 449536K, 93% used [0x0000000080000000,0x0000000099876db8,0x000000009b700000)
 Metaspace       used 68838K, committed 70464K, reserved 1114112K
  class space    used 7201K, committed 7936K, reserved 1048576K
}
Event: 1675.167 GC heap before
{Heap before GC invocations=409 (full 3):
 PSYoungGen      total 12800K, used 12301K [0x00000000d5580000, 0x00000000d6380000, 0x0000000100000000)
  eden space 11264K, 100% used [0x00000000d5580000,0x00000000d6080000,0x00000000d6080000)
  from space 1536K, 67% used [0x00000000d6080000,0x00000000d6183730,0x00000000d6200000)
  to   space 1536K, 0% used [0x00000000d6200000,0x00000000d6200000,0x00000000d6380000)
 ParOldGen       total 449536K, used 418267K [0x0000000080000000, 0x000000009b700000, 0x00000000d5580000)
  object space 449536K, 93% used [0x0000000080000000,0x0000000099876db8,0x000000009b700000)
 Metaspace       used 69134K, committed 70720K, reserved 1114112K
  class space    used 7243K, committed 7936K, reserved 1048576K
}
Event: 1675.169 GC heap after
{Heap after GC invocations=409 (full 3):
 PSYoungGen      total 11264K, used 1506K [0x00000000d5580000, 0x00000000d6680000, 0x0000000100000000)
  eden space 9728K, 0% used [0x00000000d5580000,0x00000000d5580000,0x00000000d5f00000)
  from space 1536K, 98% used [0x00000000d6200000,0x00000000d6378978,0x00000000d6380000)
  to   space 3072K, 0% used [0x00000000d5f00000,0x00000000d5f00000,0x00000000d6200000)
 ParOldGen       total 449536K, used 419252K [0x0000000080000000, 0x000000009b700000, 0x00000000d5580000)
  object space 449536K, 93% used [0x0000000080000000,0x000000009996d298,0x000000009b700000)
 Metaspace       used 69134K, committed 70720K, reserved 1114112K
  class space    used 7243K, committed 7936K, reserved 1048576K
}
Event: 1675.320 GC heap before
{Heap before GC invocations=410 (full 3):
 PSYoungGen      total 11264K, used 11220K [0x00000000d5580000, 0x00000000d6680000, 0x0000000100000000)
  eden space 9728K, 99% used [0x00000000d5580000,0x00000000d5efc9d0,0x00000000d5f00000)
  from space 1536K, 98% used [0x00000000d6200000,0x00000000d6378978,0x00000000d6380000)
  to   space 3072K, 0% used [0x00000000d5f00000,0x00000000d5f00000,0x00000000d6200000)
 ParOldGen       total 449536K, used 419252K [0x0000000080000000, 0x000000009b700000, 0x00000000d5580000)
  object space 449536K, 93% used [0x0000000080000000,0x000000009996d298,0x000000009b700000)
 Metaspace       used 70303K, committed 71936K, reserved 1114112K
  class space    used 7383K, committed 8128K, reserved 1048576K
}
Event: 1675.322 GC heap after
{Heap after GC invocations=410 (full 3):
 PSYoungGen      total 10752K, used 608K [0x00000000d5580000, 0x00000000d6280000, 0x0000000100000000)
  eden space 9728K, 0% used [0x00000000d5580000,0x00000000d5580000,0x00000000d5f00000)
  from space 1024K, 59% used [0x00000000d5f00000,0x00000000d5f98000,0x00000000d6000000)
  to   space 1536K, 0% used [0x00000000d6100000,0x00000000d6100000,0x00000000d6280000)
 ParOldGen       total 449536K, used 420760K [0x0000000080000000, 0x000000009b700000, 0x00000000d5580000)
  object space 449536K, 93% used [0x0000000080000000,0x0000000099ae6360,0x000000009b700000)
 Metaspace       used 70303K, committed 71936K, reserved 1114112K
  class space    used 7383K, committed 8128K, reserved 1048576K
}
Event: 1675.407 GC heap before
{Heap before GC invocations=411 (full 3):
 PSYoungGen      total 10752K, used 10336K [0x00000000d5580000, 0x00000000d6280000, 0x0000000100000000)
  eden space 9728K, 100% used [0x00000000d5580000,0x00000000d5f00000,0x00000000d5f00000)
  from space 1024K, 59% used [0x00000000d5f00000,0x00000000d5f98000,0x00000000d6000000)
  to   space 1536K, 0% used [0x00000000d6100000,0x00000000d6100000,0x00000000d6280000)
 ParOldGen       total 449536K, used 420760K [0x0000000080000000, 0x000000009b700000, 0x00000000d5580000)
  object space 449536K, 93% used [0x0000000080000000,0x0000000099ae6360,0x000000009b700000)
 Metaspace       used 70510K, committed 72128K, reserved 1114112K
  class space    used 7389K, committed 8128K, reserved 1048576K
}
Event: 1675.409 GC heap after
{Heap after GC invocations=411 (full 3):
 PSYoungGen      total 10752K, used 1530K [0x00000000d5580000, 0x00000000d6400000, 0x0000000100000000)
  eden space 9216K, 0% used [0x00000000d5580000,0x00000000d5580000,0x00000000d5e80000)
  from space 1536K, 99% used [0x00000000d6100000,0x00000000d627e8f8,0x00000000d6280000)
  to   space 2560K, 0% used [0x00000000d5e80000,0x00000000d5e80000,0x00000000d6100000)
 ParOldGen       total 449536K, used 421199K [0x0000000080000000, 0x000000009b700000, 0x00000000d5580000)
  object space 449536K, 93% used [0x0000000080000000,0x0000000099b53c78,0x000000009b700000)
 Metaspace       used 70510K, committed 72128K, reserved 1114112K
  class space    used 7389K, committed 8128K, reserved 1048576K
}
Event: 1675.520 GC heap before
{Heap before GC invocations=412 (full 3):
 PSYoungGen      total 10752K, used 10746K [0x00000000d5580000, 0x00000000d6400000, 0x0000000100000000)
  eden space 9216K, 100% used [0x00000000d5580000,0x00000000d5e80000,0x00000000d5e80000)
  from space 1536K, 99% used [0x00000000d6100000,0x00000000d627e8f8,0x00000000d6280000)
  to   space 2560K, 0% used [0x00000000d5e80000,0x00000000d5e80000,0x00000000d6100000)
 ParOldGen       total 449536K, used 421199K [0x0000000080000000, 0x000000009b700000, 0x00000000d5580000)
  object space 449536K, 93% used [0x0000000080000000,0x0000000099b53c78,0x000000009b700000)
 Metaspace       used 71345K, committed 72960K, reserved 1114112K
  class space    used 7450K, committed 8192K, reserved 1048576K
}
Event: 1675.523 GC heap after
{Heap after GC invocations=412 (full 3):
 PSYoungGen      total 10240K, used 828K [0x00000000d5580000, 0x00000000d6180000, 0x0000000100000000)
  eden space 9216K, 0% used [0x00000000d5580000,0x00000000d5580000,0x00000000d5e80000)
  from space 1024K, 80% used [0x00000000d5e80000,0x00000000d5f4f1d0,0x00000000d5f80000)
  to   space 1536K, 0% used [0x00000000d6000000,0x00000000d6000000,0x00000000d6180000)
 ParOldGen       total 449536K, used 422707K [0x0000000080000000, 0x000000009b700000, 0x00000000d5580000)
  object space 449536K, 94% used [0x0000000080000000,0x0000000099cccea0,0x000000009b700000)
 Metaspace       used 71345K, committed 72960K, reserved 1114112K
  class space    used 7450K, committed 8192K, reserved 1048576K
}
Event: 1675.580 GC heap before
{Heap before GC invocations=413 (full 3):
 PSYoungGen      total 10240K, used 10044K [0x00000000d5580000, 0x00000000d6180000, 0x0000000100000000)
  eden space 9216K, 100% used [0x00000000d5580000,0x00000000d5e80000,0x00000000d5e80000)
  from space 1024K, 80% used [0x00000000d5e80000,0x00000000d5f4f1d0,0x00000000d5f80000)
  to   space 1536K, 0% used [0x00000000d6000000,0x00000000d6000000,0x00000000d6180000)
 ParOldGen       total 449536K, used 422707K [0x0000000080000000, 0x000000009b700000, 0x00000000d5580000)
  object space 449536K, 94% used [0x0000000080000000,0x0000000099cccea0,0x000000009b700000)
 Metaspace       used 71520K, committed 73152K, reserved 1114112K
  class space    used 7477K, committed 8192K, reserved 1048576K
}
Event: 1675.583 GC heap after
{Heap after GC invocations=413 (full 3):
 PSYoungGen      total 10240K, used 1435K [0x00000000d5580000, 0x00000000d6280000, 0x0000000100000000)
  eden space 8704K, 0% used [0x00000000d5580000,0x00000000d5580000,0x00000000d5e00000)
  from space 1536K, 93% used [0x00000000d6000000,0x00000000d6166ca0,0x00000000d6180000)
  to   space 2048K, 0% used [0x00000000d5e00000,0x00000000d5e00000,0x00000000d6000000)
 ParOldGen       total 449536K, used 423340K [0x0000000080000000, 0x000000009b700000, 0x00000000d5580000)
  object space 449536K, 94% used [0x0000000080000000,0x0000000099d6b260,0x000000009b700000)
 Metaspace       used 71520K, committed 73152K, reserved 1114112K
  class space    used 7477K, committed 8192K, reserved 1048576K
}
Event: 1675.704 GC heap before
{Heap before GC invocations=414 (full 3):
 PSYoungGen      total 10240K, used 10139K [0x00000000d5580000, 0x00000000d6280000, 0x0000000100000000)
  eden space 8704K, 100% used [0x00000000d5580000,0x00000000d5e00000,0x00000000d5e00000)
  from space 1536K, 93% used [0x00000000d6000000,0x00000000d6166ca0,0x00000000d6180000)
  to   space 2048K, 0% used [0x00000000d5e00000,0x00000000d5e00000,0x00000000d6000000)
 ParOldGen       total 449536K, used 423340K [0x0000000080000000, 0x000000009b700000, 0x00000000d5580000)
  object space 449536K, 94% used [0x0000000080000000,0x0000000099d6b260,0x000000009b700000)
 Metaspace       used 72452K, committed 74048K, reserved 1179648K
  class space    used 7607K, committed 8320K, reserved 1048576K
}
Event: 1675.706 GC heap after
{Heap after GC invocations=414 (full 3):
 PSYoungGen      total 9728K, used 543K [0x00000000d5580000, 0x00000000d6080000, 0x0000000100000000)
  eden space 8704K, 0% used [0x00000000d5580000,0x00000000d5580000,0x00000000d5e00000)
  from space 1024K, 53% used [0x00000000d5e00000,0x00000000d5e87fd8,0x00000000d5f00000)
  to   space 1024K, 0% used [0x00000000d5f80000,0x00000000d5f80000,0x00000000d6080000)
 ParOldGen       total 449536K, used 423548K [0x0000000080000000, 0x000000009b700000, 0x00000000d5580000)
  object space 449536K, 94% used [0x0000000080000000,0x0000000099d9f260,0x000000009b700000)
 Metaspace       used 72452K, committed 74048K, reserved 1179648K
  class space    used 7607K, committed 8320K, reserved 1048576K
}
Event: 1675.747 GC heap before
{Heap before GC invocations=415 (full 3):
 PSYoungGen      total 9728K, used 9247K [0x00000000d5580000, 0x00000000d6080000, 0x0000000100000000)
  eden space 8704K, 100% used [0x00000000d5580000,0x00000000d5e00000,0x00000000d5e00000)
  from space 1024K, 53% used [0x00000000d5e00000,0x00000000d5e87fd8,0x00000000d5f00000)
  to   space 1024K, 0% used [0x00000000d5f80000,0x00000000d5f80000,0x00000000d6080000)
 ParOldGen       total 449536K, used 423548K [0x0000000080000000, 0x000000009b700000, 0x00000000d5580000)
  object space 449536K, 94% used [0x0000000080000000,0x0000000099d9f260,0x000000009b700000)
 Metaspace       used 72530K, committed 74176K, reserved 1179648K
  class space    used 7612K, committed 8320K, reserved 1048576K
}
Event: 1675.749 GC heap after
{Heap after GC invocations=415 (full 3):
 PSYoungGen      total 9728K, used 900K [0x00000000d5580000, 0x00000000d6080000, 0x0000000100000000)
  eden space 8704K, 0% used [0x00000000d5580000,0x00000000d5580000,0x00000000d5e00000)
  from space 1024K, 87% used [0x00000000d5f80000,0x00000000d60611e8,0x00000000d6080000)
  to   space 1024K, 0% used [0x00000000d5e00000,0x00000000d5e00000,0x00000000d5f00000)
 ParOldGen       total 449536K, used 423788K [0x0000000080000000, 0x000000009b700000, 0x00000000d5580000)
  object space 449536K, 94% used [0x0000000080000000,0x0000000099ddb260,0x000000009b700000)
 Metaspace       used 72530K, committed 74176K, reserved 1179648K
  class space    used 7612K, committed 8320K, reserved 1048576K
}
Event: 1675.804 GC heap before
{Heap before GC invocations=416 (full 3):
 PSYoungGen      total 9728K, used 9604K [0x00000000d5580000, 0x00000000d6080000, 0x0000000100000000)
  eden space 8704K, 100% used [0x00000000d5580000,0x00000000d5e00000,0x00000000d5e00000)
  from space 1024K, 87% used [0x00000000d5f80000,0x00000000d60611e8,0x00000000d6080000)
  to   space 1024K, 0% used [0x00000000d5e00000,0x00000000d5e00000,0x00000000d5f00000)
 ParOldGen       total 449536K, used 423788K [0x0000000080000000, 0x000000009b700000, 0x00000000d5580000)
  object space 449536K, 94% used [0x0000000080000000,0x0000000099ddb260,0x000000009b700000)
 Metaspace       used 72596K, committed 74240K, reserved 1179648K
  class space    used 7613K, committed 8320K, reserved 1048576K
}
Event: 1675.805 GC heap after
{Heap after GC invocations=416 (full 3):
 PSYoungGen      total 9728K, used 351K [0x00000000d5580000, 0x00000000d6000000, 0x0000000100000000)
  eden space 8704K, 0% used [0x00000000d5580000,0x00000000d5580000,0x00000000d5e00000)
  from space 1024K, 34% used [0x00000000d5e00000,0x00000000d5e57fd8,0x00000000d5f00000)
  to   space 1024K, 0% used [0x00000000d5f00000,0x00000000d5f00000,0x00000000d6000000)
 ParOldGen       total 449536K, used 423868K [0x0000000080000000, 0x000000009b700000, 0x00000000d5580000)
  object space 449536K, 94% used [0x0000000080000000,0x0000000099def260,0x000000009b700000)
 Metaspace       used 72596K, committed 74240K, reserved 1179648K
  class space    used 7613K, committed 8320K, reserved 1048576K
}
Event: 1808.759 GC heap before
{Heap before GC invocations=417 (full 3):
 PSYoungGen      total 9728K, used 9055K [0x00000000d5580000, 0x00000000d6000000, 0x0000000100000000)
  eden space 8704K, 100% used [0x00000000d5580000,0x00000000d5e00000,0x00000000d5e00000)
  from space 1024K, 34% used [0x00000000d5e00000,0x00000000d5e57fd8,0x00000000d5f00000)
  to   space 1024K, 0% used [0x00000000d5f00000,0x00000000d5f00000,0x00000000d6000000)
 ParOldGen       total 449536K, used 423868K [0x0000000080000000, 0x000000009b700000, 0x00000000d5580000)
  object space 449536K, 94% used [0x0000000080000000,0x0000000099def260,0x000000009b700000)
 Metaspace       used 72733K, committed 74368K, reserved 1179648K
  class space    used 7624K, committed 8320K, reserved 1048576K
}
Event: 1808.762 GC heap after
{Heap after GC invocations=417 (full 3):
 PSYoungGen      total 9728K, used 650K [0x00000000d5580000, 0x00000000d6000000, 0x0000000100000000)
  eden space 8704K, 0% used [0x00000000d5580000,0x00000000d5580000,0x00000000d5e00000)
  from space 1024K, 63% used [0x00000000d5f00000,0x00000000d5fa2910,0x00000000d6000000)
  to   space 1024K, 0% used [0x00000000d5e00000,0x00000000d5e00000,0x00000000d5f00000)
 ParOldGen       total 449536K, used 423932K [0x0000000080000000, 0x000000009b700000, 0x00000000d5580000)
  object space 449536K, 94% used [0x0000000080000000,0x0000000099dff260,0x000000009b700000)
 Metaspace       used 72733K, committed 74368K, reserved 1179648K
  class space    used 7624K, committed 8320K, reserved 1048576K
}

